The system is: Linux - 5.0.7-114.current - x86_64
Compiling the C compiler identification source file "CMakeCCompilerId.c" succeeded.
Compiler: /usr/bin/cc 
Build flags: 
Id flags:  

The output was:
0


Compilation of the C compiler identification source "CMakeCCompilerId.c" produced "a.out"

The C compiler identification is GNU, found in "/home/canoi/Documentos/gameserver/build/CMakeFiles/3.14.1/CompilerIdC/a.out"

Compiling the CXX compiler identification source file "CMakeCXXCompilerId.cpp" succeeded.
Compiler: /usr/bin/c++ 
Build flags: 
Id flags:  

The output was:
0


Compilation of the CXX compiler identification source "CMakeCXXCompilerId.cpp" produced "a.out"

The CXX compiler identification is GNU, found in "/home/canoi/Documentos/gameserver/build/CMakeFiles/3.14.1/CompilerIdCXX/a.out"

Determining if the C compiler works passed with the following output:
Change Dir: /home/canoi/Documentos/gameserver/build/CMakeFiles/CMakeTmp

Run Build Command(s):/usr/bin/gmake cmTC_73be0/fast 
/usr/bin/gmake -f CMakeFiles/cmTC_73be0.dir/build.make CMakeFiles/cmTC_73be0.dir/build
gmake[1]: Entering directory '/home/canoi/Documentos/gameserver/build/CMakeFiles/CMakeTmp'
Building C object CMakeFiles/cmTC_73be0.dir/testCCompiler.c.o
/usr/bin/cc    -o CMakeFiles/cmTC_73be0.dir/testCCompiler.c.o   -c /home/canoi/Documentos/gameserver/build/CMakeFiles/CMakeTmp/testCCompiler.c
Linking C executable cmTC_73be0
/usr/bin/cmake -E cmake_link_script CMakeFiles/cmTC_73be0.dir/link.txt --verbose=1
/usr/bin/cc      -rdynamic CMakeFiles/cmTC_73be0.dir/testCCompiler.c.o  -o cmTC_73be0 
gmake[1]: Leaving directory '/home/canoi/Documentos/gameserver/build/CMakeFiles/CMakeTmp'


Detecting C compiler ABI info compiled with the following output:
Change Dir: /home/canoi/Documentos/gameserver/build/CMakeFiles/CMakeTmp

Run Build Command(s):/usr/bin/gmake cmTC_b4792/fast 
/usr/bin/gmake -f CMakeFiles/cmTC_b4792.dir/build.make CMakeFiles/cmTC_b4792.dir/build
gmake[1]: Entering directory '/home/canoi/Documentos/gameserver/build/CMakeFiles/CMakeTmp'
Building C object CMakeFiles/cmTC_b4792.dir/CMakeCCompilerABI.c.o
/usr/bin/cc   -v -o CMakeFiles/cmTC_b4792.dir/CMakeCCompilerABI.c.o   -c /usr/share/cmake-3.14/Modules/CMakeCCompilerABI.c
Using built-in specs.
COLLECT_GCC=/usr/bin/cc
Target: x86_64-solus-linux
Configured with: ../configure --prefix=/usr --with-pkgversion=Solus --libdir=/usr/lib64 --libexecdir=/usr/lib64 --with-system-zlib --enable-shared --enable-threads=posix --enable-gnu-indirect-function --enable-__cxa_atexit --enable-plugin --enable-gold --enable-ld=default --enable-clocale=gnu --enable-multilib --with-multilib-list=m32,m64 --enable-lto --with-gcc-major-version-only --with-bugurl=https://dev.solus-project.com/ --with-arch_32=i686 --enable-linker-build-id --with-linker-hash-style=gnu --with-gnu-ld --build=x86_64-solus-linux --target=x86_64-solus-linux --enable-languages=c,c++,fortran
Thread model: posix
gcc version 8.3.1 20190320 (Solus) 
COLLECT_GCC_OPTIONS='-v' '-o' 'CMakeFiles/cmTC_b4792.dir/CMakeCCompilerABI.c.o' '-c' '-mtune=generic' '-march=x86-64'
 /usr/lib64/gcc/x86_64-solus-linux/8/cc1 -quiet -v /usr/share/cmake-3.14/Modules/CMakeCCompilerABI.c -quiet -dumpbase CMakeCCompilerABI.c -mtune=generic -march=x86-64 -auxbase-strip CMakeFiles/cmTC_b4792.dir/CMakeCCompilerABI.c.o -version -o /tmp/ccTH2LV2.s
GNU C17 (Solus) version 8.3.1 20190320 (x86_64-solus-linux)
	compiled by GNU C version 8.3.1 20190320, GMP version 6.1.2, MPFR version 4.0.1, MPC version 1.1.0, isl version isl-0.20-GMP

GGC heuristics: --param ggc-min-expand=100 --param ggc-min-heapsize=131072
ignoring nonexistent directory "/usr/lib64/gcc/x86_64-solus-linux/8/../../../../x86_64-solus-linux/include"
#include "..." search starts here:
#include <...> search starts here:
 /usr/lib64/gcc/x86_64-solus-linux/8/include
 /usr/local/include
 /usr/lib64/gcc/x86_64-solus-linux/8/include-fixed
 /usr/include
End of search list.
GNU C17 (Solus) version 8.3.1 20190320 (x86_64-solus-linux)
	compiled by GNU C version 8.3.1 20190320, GMP version 6.1.2, MPFR version 4.0.1, MPC version 1.1.0, isl version isl-0.20-GMP

GGC heuristics: --param ggc-min-expand=100 --param ggc-min-heapsize=131072
Compiler executable checksum: a4e04db6715228bbcad04390b9a86581
COLLECT_GCC_OPTIONS='-v' '-o' 'CMakeFiles/cmTC_b4792.dir/CMakeCCompilerABI.c.o' '-c' '-mtune=generic' '-march=x86-64'
 as -v --64 -o CMakeFiles/cmTC_b4792.dir/CMakeCCompilerABI.c.o /tmp/ccTH2LV2.s
GNU assembler version 2.31.1 (x86_64-solus-linux) using BFD version (GNU Binutils) 2.31.1
COMPILER_PATH=/usr/lib64/gcc/x86_64-solus-linux/8/:/usr/lib64/gcc/x86_64-solus-linux/8/:/usr/lib64/gcc/x86_64-solus-linux/:/usr/lib64/gcc/x86_64-solus-linux/8/:/usr/lib64/gcc/x86_64-solus-linux/
LIBRARY_PATH=/usr/local/lib/../lib64/:/usr/local/lib64/../lib64/:/usr/lib64/gcc/x86_64-solus-linux/8/:/usr/lib64/gcc/x86_64-solus-linux/8/../../../../lib64/:/lib/../lib64/:/usr/lib/../lib64/:/usr/local/lib/:/usr/local/lib64/:./:/usr/lib64/gcc/x86_64-solus-linux/8/../../../:/lib/:/usr/lib/
COLLECT_GCC_OPTIONS='-v' '-o' 'CMakeFiles/cmTC_b4792.dir/CMakeCCompilerABI.c.o' '-c' '-mtune=generic' '-march=x86-64'
Linking C executable cmTC_b4792
/usr/bin/cmake -E cmake_link_script CMakeFiles/cmTC_b4792.dir/link.txt --verbose=1
/usr/bin/cc     -v -rdynamic CMakeFiles/cmTC_b4792.dir/CMakeCCompilerABI.c.o  -o cmTC_b4792 
Using built-in specs.
COLLECT_GCC=/usr/bin/cc
COLLECT_LTO_WRAPPER=/usr/lib64/gcc/x86_64-solus-linux/8/lto-wrapper
Target: x86_64-solus-linux
Configured with: ../configure --prefix=/usr --with-pkgversion=Solus --libdir=/usr/lib64 --libexecdir=/usr/lib64 --with-system-zlib --enable-shared --enable-threads=posix --enable-gnu-indirect-function --enable-__cxa_atexit --enable-plugin --enable-gold --enable-ld=default --enable-clocale=gnu --enable-multilib --with-multilib-list=m32,m64 --enable-lto --with-gcc-major-version-only --with-bugurl=https://dev.solus-project.com/ --with-arch_32=i686 --enable-linker-build-id --with-linker-hash-style=gnu --with-gnu-ld --build=x86_64-solus-linux --target=x86_64-solus-linux --enable-languages=c,c++,fortran
Thread model: posix
gcc version 8.3.1 20190320 (Solus) 
COMPILER_PATH=/usr/lib64/gcc/x86_64-solus-linux/8/:/usr/lib64/gcc/x86_64-solus-linux/8/:/usr/lib64/gcc/x86_64-solus-linux/:/usr/lib64/gcc/x86_64-solus-linux/8/:/usr/lib64/gcc/x86_64-solus-linux/
LIBRARY_PATH=/usr/local/lib/../lib64/:/usr/local/lib64/../lib64/:/usr/lib64/gcc/x86_64-solus-linux/8/:/usr/lib64/gcc/x86_64-solus-linux/8/../../../../lib64/:/lib/../lib64/:/usr/lib/../lib64/:/usr/local/lib/:/usr/local/lib64/:./:/usr/lib64/gcc/x86_64-solus-linux/8/../../../:/lib/:/usr/lib/
COLLECT_GCC_OPTIONS='-v' '-rdynamic' '-o' 'cmTC_b4792' '-mtune=generic' '-march=x86-64'
 /usr/lib64/gcc/x86_64-solus-linux/8/collect2 -plugin /usr/lib64/gcc/x86_64-solus-linux/8/liblto_plugin.so -plugin-opt=/usr/lib64/gcc/x86_64-solus-linux/8/lto-wrapper -plugin-opt=-fresolution=/tmp/ccBSVbK3.res -plugin-opt=-pass-through=-lgcc -plugin-opt=-pass-through=-lgcc_s -plugin-opt=-pass-through=-lc -plugin-opt=-pass-through=-lgcc -plugin-opt=-pass-through=-lgcc_s --build-id --eh-frame-hdr --hash-style=gnu -m elf_x86_64 -export-dynamic -dynamic-linker /usr/lib64/ld-linux-x86-64.so.2 -o cmTC_b4792 /usr/lib64/gcc/x86_64-solus-linux/8/../../../../lib64/crt1.o /usr/lib64/gcc/x86_64-solus-linux/8/../../../../lib64/crti.o /usr/lib64/gcc/x86_64-solus-linux/8/crtbegin.o -L/usr/local/lib/../lib64 -L/usr/local/lib64/../lib64 -L/usr/lib64/gcc/x86_64-solus-linux/8 -L/usr/lib64/gcc/x86_64-solus-linux/8/../../../../lib64 -L/lib/../lib64 -L/usr/lib/../lib64 -L/usr/local/lib -L/usr/local/lib64 -L. -L/usr/lib64/gcc/x86_64-solus-linux/8/../../.. CMakeFiles/cmTC_b4792.dir/CMakeCCompilerABI.c.o -lgcc --as-needed -lgcc_s --no-as-needed -lc -lgcc --as-needed -lgcc_s --no-as-needed /usr/lib64/gcc/x86_64-solus-linux/8/crtend.o /usr/lib64/gcc/x86_64-solus-linux/8/../../../../lib64/crtn.o
COLLECT_GCC_OPTIONS='-v' '-rdynamic' '-o' 'cmTC_b4792' '-mtune=generic' '-march=x86-64'
gmake[1]: Leaving directory '/home/canoi/Documentos/gameserver/build/CMakeFiles/CMakeTmp'


Parsed C implicit include dir info from above output: rv=done
  found start of include info
  found start of implicit include info
    add: [/usr/lib64/gcc/x86_64-solus-linux/8/include]
    add: [/usr/local/include]
    add: [/usr/lib64/gcc/x86_64-solus-linux/8/include-fixed]
    add: [/usr/include]
  end of search list found
  collapse include dir [/usr/lib64/gcc/x86_64-solus-linux/8/include] ==> [/usr/lib64/gcc/x86_64-solus-linux/8/include]
  collapse include dir [/usr/local/include] ==> [/usr/local/include]
  collapse include dir [/usr/lib64/gcc/x86_64-solus-linux/8/include-fixed] ==> [/usr/lib64/gcc/x86_64-solus-linux/8/include-fixed]
  collapse include dir [/usr/include] ==> [/usr/include]
  implicit include dirs: [/usr/lib64/gcc/x86_64-solus-linux/8/include;/usr/local/include;/usr/lib64/gcc/x86_64-solus-linux/8/include-fixed;/usr/include]


Parsed C implicit link information from above output:
  link line regex: [^( *|.*[/\])(ld|CMAKE_LINK_STARTFILE-NOTFOUND|([^/\]+-)?ld|collect2)[^/\]*( |$)]
  ignore line: [Change Dir: /home/canoi/Documentos/gameserver/build/CMakeFiles/CMakeTmp]
  ignore line: []
  ignore line: [Run Build Command(s):/usr/bin/gmake cmTC_b4792/fast ]
  ignore line: [/usr/bin/gmake -f CMakeFiles/cmTC_b4792.dir/build.make CMakeFiles/cmTC_b4792.dir/build]
  ignore line: [gmake[1]: Entering directory '/home/canoi/Documentos/gameserver/build/CMakeFiles/CMakeTmp']
  ignore line: [Building C object CMakeFiles/cmTC_b4792.dir/CMakeCCompilerABI.c.o]
  ignore line: [/usr/bin/cc   -v -o CMakeFiles/cmTC_b4792.dir/CMakeCCompilerABI.c.o   -c /usr/share/cmake-3.14/Modules/CMakeCCompilerABI.c]
  ignore line: [Using built-in specs.]
  ignore line: [COLLECT_GCC=/usr/bin/cc]
  ignore line: [Target: x86_64-solus-linux]
  ignore line: [Configured with: ../configure --prefix=/usr --with-pkgversion=Solus --libdir=/usr/lib64 --libexecdir=/usr/lib64 --with-system-zlib --enable-shared --enable-threads=posix --enable-gnu-indirect-function --enable-__cxa_atexit --enable-plugin --enable-gold --enable-ld=default --enable-clocale=gnu --enable-multilib --with-multilib-list=m32,m64 --enable-lto --with-gcc-major-version-only --with-bugurl=https://dev.solus-project.com/ --with-arch_32=i686 --enable-linker-build-id --with-linker-hash-style=gnu --with-gnu-ld --build=x86_64-solus-linux --target=x86_64-solus-linux --enable-languages=c,c++,fortran]
  ignore line: [Thread model: posix]
  ignore line: [gcc version 8.3.1 20190320 (Solus) ]
  ignore line: [COLLECT_GCC_OPTIONS='-v' '-o' 'CMakeFiles/cmTC_b4792.dir/CMakeCCompilerABI.c.o' '-c' '-mtune=generic' '-march=x86-64']
  ignore line: [ /usr/lib64/gcc/x86_64-solus-linux/8/cc1 -quiet -v /usr/share/cmake-3.14/Modules/CMakeCCompilerABI.c -quiet -dumpbase CMakeCCompilerABI.c -mtune=generic -march=x86-64 -auxbase-strip CMakeFiles/cmTC_b4792.dir/CMakeCCompilerABI.c.o -version -o /tmp/ccTH2LV2.s]
  ignore line: [GNU C17 (Solus) version 8.3.1 20190320 (x86_64-solus-linux)]
  ignore line: [	compiled by GNU C version 8.3.1 20190320, GMP version 6.1.2, MPFR version 4.0.1, MPC version 1.1.0, isl version isl-0.20-GMP]
  ignore line: []
  ignore line: [GGC heuristics: --param ggc-min-expand=100 --param ggc-min-heapsize=131072]
  ignore line: [ignoring nonexistent directory "/usr/lib64/gcc/x86_64-solus-linux/8/../../../../x86_64-solus-linux/include"]
  ignore line: [#include "..." search starts here:]
  ignore line: [#include <...> search starts here:]
  ignore line: [ /usr/lib64/gcc/x86_64-solus-linux/8/include]
  ignore line: [ /usr/local/include]
  ignore line: [ /usr/lib64/gcc/x86_64-solus-linux/8/include-fixed]
  ignore line: [ /usr/include]
  ignore line: [End of search list.]
  ignore line: [GNU C17 (Solus) version 8.3.1 20190320 (x86_64-solus-linux)]
  ignore line: [	compiled by GNU C version 8.3.1 20190320, GMP version 6.1.2, MPFR version 4.0.1, MPC version 1.1.0, isl version isl-0.20-GMP]
  ignore line: []
  ignore line: [GGC heuristics: --param ggc-min-expand=100 --param ggc-min-heapsize=131072]
  ignore line: [Compiler executable checksum: a4e04db6715228bbcad04390b9a86581]
  ignore line: [COLLECT_GCC_OPTIONS='-v' '-o' 'CMakeFiles/cmTC_b4792.dir/CMakeCCompilerABI.c.o' '-c' '-mtune=generic' '-march=x86-64']
  ignore line: [ as -v --64 -o CMakeFiles/cmTC_b4792.dir/CMakeCCompilerABI.c.o /tmp/ccTH2LV2.s]
  ignore line: [GNU assembler version 2.31.1 (x86_64-solus-linux) using BFD version (GNU Binutils) 2.31.1]
  ignore line: [COMPILER_PATH=/usr/lib64/gcc/x86_64-solus-linux/8/:/usr/lib64/gcc/x86_64-solus-linux/8/:/usr/lib64/gcc/x86_64-solus-linux/:/usr/lib64/gcc/x86_64-solus-linux/8/:/usr/lib64/gcc/x86_64-solus-linux/]
  ignore line: [LIBRARY_PATH=/usr/local/lib/../lib64/:/usr/local/lib64/../lib64/:/usr/lib64/gcc/x86_64-solus-linux/8/:/usr/lib64/gcc/x86_64-solus-linux/8/../../../../lib64/:/lib/../lib64/:/usr/lib/../lib64/:/usr/local/lib/:/usr/local/lib64/:./:/usr/lib64/gcc/x86_64-solus-linux/8/../../../:/lib/:/usr/lib/]
  ignore line: [COLLECT_GCC_OPTIONS='-v' '-o' 'CMakeFiles/cmTC_b4792.dir/CMakeCCompilerABI.c.o' '-c' '-mtune=generic' '-march=x86-64']
  ignore line: [Linking C executable cmTC_b4792]
  ignore line: [/usr/bin/cmake -E cmake_link_script CMakeFiles/cmTC_b4792.dir/link.txt --verbose=1]
  ignore line: [/usr/bin/cc     -v -rdynamic CMakeFiles/cmTC_b4792.dir/CMakeCCompilerABI.c.o  -o cmTC_b4792 ]
  ignore line: [Using built-in specs.]
  ignore line: [COLLECT_GCC=/usr/bin/cc]
  ignore line: [COLLECT_LTO_WRAPPER=/usr/lib64/gcc/x86_64-solus-linux/8/lto-wrapper]
  ignore line: [Target: x86_64-solus-linux]
  ignore line: [Configured with: ../configure --prefix=/usr --with-pkgversion=Solus --libdir=/usr/lib64 --libexecdir=/usr/lib64 --with-system-zlib --enable-shared --enable-threads=posix --enable-gnu-indirect-function --enable-__cxa_atexit --enable-plugin --enable-gold --enable-ld=default --enable-clocale=gnu --enable-multilib --with-multilib-list=m32,m64 --enable-lto --with-gcc-major-version-only --with-bugurl=https://dev.solus-project.com/ --with-arch_32=i686 --enable-linker-build-id --with-linker-hash-style=gnu --with-gnu-ld --build=x86_64-solus-linux --target=x86_64-solus-linux --enable-languages=c,c++,fortran]
  ignore line: [Thread model: posix]
  ignore line: [gcc version 8.3.1 20190320 (Solus) ]
  ignore line: [COMPILER_PATH=/usr/lib64/gcc/x86_64-solus-linux/8/:/usr/lib64/gcc/x86_64-solus-linux/8/:/usr/lib64/gcc/x86_64-solus-linux/:/usr/lib64/gcc/x86_64-solus-linux/8/:/usr/lib64/gcc/x86_64-solus-linux/]
  ignore line: [LIBRARY_PATH=/usr/local/lib/../lib64/:/usr/local/lib64/../lib64/:/usr/lib64/gcc/x86_64-solus-linux/8/:/usr/lib64/gcc/x86_64-solus-linux/8/../../../../lib64/:/lib/../lib64/:/usr/lib/../lib64/:/usr/local/lib/:/usr/local/lib64/:./:/usr/lib64/gcc/x86_64-solus-linux/8/../../../:/lib/:/usr/lib/]
  ignore line: [COLLECT_GCC_OPTIONS='-v' '-rdynamic' '-o' 'cmTC_b4792' '-mtune=generic' '-march=x86-64']
  link line: [ /usr/lib64/gcc/x86_64-solus-linux/8/collect2 -plugin /usr/lib64/gcc/x86_64-solus-linux/8/liblto_plugin.so -plugin-opt=/usr/lib64/gcc/x86_64-solus-linux/8/lto-wrapper -plugin-opt=-fresolution=/tmp/ccBSVbK3.res -plugin-opt=-pass-through=-lgcc -plugin-opt=-pass-through=-lgcc_s -plugin-opt=-pass-through=-lc -plugin-opt=-pass-through=-lgcc -plugin-opt=-pass-through=-lgcc_s --build-id --eh-frame-hdr --hash-style=gnu -m elf_x86_64 -export-dynamic -dynamic-linker /usr/lib64/ld-linux-x86-64.so.2 -o cmTC_b4792 /usr/lib64/gcc/x86_64-solus-linux/8/../../../../lib64/crt1.o /usr/lib64/gcc/x86_64-solus-linux/8/../../../../lib64/crti.o /usr/lib64/gcc/x86_64-solus-linux/8/crtbegin.o -L/usr/local/lib/../lib64 -L/usr/local/lib64/../lib64 -L/usr/lib64/gcc/x86_64-solus-linux/8 -L/usr/lib64/gcc/x86_64-solus-linux/8/../../../../lib64 -L/lib/../lib64 -L/usr/lib/../lib64 -L/usr/local/lib -L/usr/local/lib64 -L. -L/usr/lib64/gcc/x86_64-solus-linux/8/../../.. CMakeFiles/cmTC_b4792.dir/CMakeCCompilerABI.c.o -lgcc --as-needed -lgcc_s --no-as-needed -lc -lgcc --as-needed -lgcc_s --no-as-needed /usr/lib64/gcc/x86_64-solus-linux/8/crtend.o /usr/lib64/gcc/x86_64-solus-linux/8/../../../../lib64/crtn.o]
    arg [/usr/lib64/gcc/x86_64-solus-linux/8/collect2] ==> ignore
    arg [-plugin] ==> ignore
    arg [/usr/lib64/gcc/x86_64-solus-linux/8/liblto_plugin.so] ==> ignore
    arg [-plugin-opt=/usr/lib64/gcc/x86_64-solus-linux/8/lto-wrapper] ==> ignore
    arg [-plugin-opt=-fresolution=/tmp/ccBSVbK3.res] ==> ignore
    arg [-plugin-opt=-pass-through=-lgcc] ==> ignore
    arg [-plugin-opt=-pass-through=-lgcc_s] ==> ignore
    arg [-plugin-opt=-pass-through=-lc] ==> ignore
    arg [-plugin-opt=-pass-through=-lgcc] ==> ignore
    arg [-plugin-opt=-pass-through=-lgcc_s] ==> ignore
    arg [--build-id] ==> ignore
    arg [--eh-frame-hdr] ==> ignore
    arg [--hash-style=gnu] ==> ignore
    arg [-m] ==> ignore
    arg [elf_x86_64] ==> ignore
    arg [-export-dynamic] ==> ignore
    arg [-dynamic-linker] ==> ignore
    arg [/usr/lib64/ld-linux-x86-64.so.2] ==> ignore
    arg [-o] ==> ignore
    arg [cmTC_b4792] ==> ignore
    arg [/usr/lib64/gcc/x86_64-solus-linux/8/../../../../lib64/crt1.o] ==> ignore
    arg [/usr/lib64/gcc/x86_64-solus-linux/8/../../../../lib64/crti.o] ==> ignore
    arg [/usr/lib64/gcc/x86_64-solus-linux/8/crtbegin.o] ==> ignore
    arg [-L/usr/local/lib/../lib64] ==> dir [/usr/local/lib/../lib64]
    arg [-L/usr/local/lib64/../lib64] ==> dir [/usr/local/lib64/../lib64]
    arg [-L/usr/lib64/gcc/x86_64-solus-linux/8] ==> dir [/usr/lib64/gcc/x86_64-solus-linux/8]
    arg [-L/usr/lib64/gcc/x86_64-solus-linux/8/../../../../lib64] ==> dir [/usr/lib64/gcc/x86_64-solus-linux/8/../../../../lib64]
    arg [-L/lib/../lib64] ==> dir [/lib/../lib64]
    arg [-L/usr/lib/../lib64] ==> dir [/usr/lib/../lib64]
    arg [-L/usr/local/lib] ==> dir [/usr/local/lib]
    arg [-L/usr/local/lib64] ==> dir [/usr/local/lib64]
    arg [-L.] ==> ignore
    arg [-L/usr/lib64/gcc/x86_64-solus-linux/8/../../..] ==> dir [/usr/lib64/gcc/x86_64-solus-linux/8/../../..]
    arg [CMakeFiles/cmTC_b4792.dir/CMakeCCompilerABI.c.o] ==> ignore
    arg [-lgcc] ==> lib [gcc]
    arg [--as-needed] ==> ignore
    arg [-lgcc_s] ==> lib [gcc_s]
    arg [--no-as-needed] ==> ignore
    arg [-lc] ==> lib [c]
    arg [-lgcc] ==> lib [gcc]
    arg [--as-needed] ==> ignore
    arg [-lgcc_s] ==> lib [gcc_s]
    arg [--no-as-needed] ==> ignore
    arg [/usr/lib64/gcc/x86_64-solus-linux/8/crtend.o] ==> ignore
    arg [/usr/lib64/gcc/x86_64-solus-linux/8/../../../../lib64/crtn.o] ==> ignore
  collapse library dir [/usr/local/lib/../lib64] ==> [/usr/local/lib64]
  collapse library dir [/usr/local/lib64/../lib64] ==> [/usr/local/lib64]
  collapse library dir [/usr/lib64/gcc/x86_64-solus-linux/8] ==> [/usr/lib64/gcc/x86_64-solus-linux/8]
  collapse library dir [/usr/lib64/gcc/x86_64-solus-linux/8/../../../../lib64] ==> [/usr/lib64]
  collapse library dir [/lib/../lib64] ==> [/lib64]
  collapse library dir [/usr/lib/../lib64] ==> [/usr/lib64]
  collapse library dir [/usr/local/lib] ==> [/usr/local/lib]
  collapse library dir [/usr/local/lib64] ==> [/usr/local/lib64]
  collapse library dir [/usr/lib64/gcc/x86_64-solus-linux/8/../../..] ==> [/usr/lib64]
  implicit libs: [gcc;gcc_s;c;gcc;gcc_s]
  implicit dirs: [/usr/local/lib64;/usr/lib64/gcc/x86_64-solus-linux/8;/usr/lib64;/lib64;/usr/local/lib]
  implicit fwks: []




Detecting C [-std=c11] compiler features compiled with the following output:
Change Dir: /home/canoi/Documentos/gameserver/build/CMakeFiles/CMakeTmp

Run Build Command(s):/usr/bin/gmake cmTC_61c02/fast 
/usr/bin/gmake -f CMakeFiles/cmTC_61c02.dir/build.make CMakeFiles/cmTC_61c02.dir/build
gmake[1]: Entering directory '/home/canoi/Documentos/gameserver/build/CMakeFiles/CMakeTmp'
Building C object CMakeFiles/cmTC_61c02.dir/feature_tests.c.o
/usr/bin/cc   -std=c11 -o CMakeFiles/cmTC_61c02.dir/feature_tests.c.o   -c /home/canoi/Documentos/gameserver/build/CMakeFiles/feature_tests.c
Linking C executable cmTC_61c02
/usr/bin/cmake -E cmake_link_script CMakeFiles/cmTC_61c02.dir/link.txt --verbose=1
/usr/bin/cc      -rdynamic CMakeFiles/cmTC_61c02.dir/feature_tests.c.o  -o cmTC_61c02 
gmake[1]: Leaving directory '/home/canoi/Documentos/gameserver/build/CMakeFiles/CMakeTmp'


    Feature record: C_FEATURE:1c_function_prototypes
    Feature record: C_FEATURE:1c_restrict
    Feature record: C_FEATURE:1c_static_assert
    Feature record: C_FEATURE:1c_variadic_macros


Detecting C [-std=c99] compiler features compiled with the following output:
Change Dir: /home/canoi/Documentos/gameserver/build/CMakeFiles/CMakeTmp

Run Build Command(s):/usr/bin/gmake cmTC_5f157/fast 
/usr/bin/gmake -f CMakeFiles/cmTC_5f157.dir/build.make CMakeFiles/cmTC_5f157.dir/build
gmake[1]: Entering directory '/home/canoi/Documentos/gameserver/build/CMakeFiles/CMakeTmp'
Building C object CMakeFiles/cmTC_5f157.dir/feature_tests.c.o
/usr/bin/cc   -std=c99 -o CMakeFiles/cmTC_5f157.dir/feature_tests.c.o   -c /home/canoi/Documentos/gameserver/build/CMakeFiles/feature_tests.c
Linking C executable cmTC_5f157
/usr/bin/cmake -E cmake_link_script CMakeFiles/cmTC_5f157.dir/link.txt --verbose=1
/usr/bin/cc      -rdynamic CMakeFiles/cmTC_5f157.dir/feature_tests.c.o  -o cmTC_5f157 
gmake[1]: Leaving directory '/home/canoi/Documentos/gameserver/build/CMakeFiles/CMakeTmp'


    Feature record: C_FEATURE:1c_function_prototypes
    Feature record: C_FEATURE:1c_restrict
    Feature record: C_FEATURE:0c_static_assert
    Feature record: C_FEATURE:1c_variadic_macros


Detecting C [-std=c90] compiler features compiled with the following output:
Change Dir: /home/canoi/Documentos/gameserver/build/CMakeFiles/CMakeTmp

Run Build Command(s):/usr/bin/gmake cmTC_18ae0/fast 
/usr/bin/gmake -f CMakeFiles/cmTC_18ae0.dir/build.make CMakeFiles/cmTC_18ae0.dir/build
gmake[1]: Entering directory '/home/canoi/Documentos/gameserver/build/CMakeFiles/CMakeTmp'
Building C object CMakeFiles/cmTC_18ae0.dir/feature_tests.c.o
/usr/bin/cc   -std=c90 -o CMakeFiles/cmTC_18ae0.dir/feature_tests.c.o   -c /home/canoi/Documentos/gameserver/build/CMakeFiles/feature_tests.c
Linking C executable cmTC_18ae0
/usr/bin/cmake -E cmake_link_script CMakeFiles/cmTC_18ae0.dir/link.txt --verbose=1
/usr/bin/cc      -rdynamic CMakeFiles/cmTC_18ae0.dir/feature_tests.c.o  -o cmTC_18ae0 
gmake[1]: Leaving directory '/home/canoi/Documentos/gameserver/build/CMakeFiles/CMakeTmp'


    Feature record: C_FEATURE:1c_function_prototypes
    Feature record: C_FEATURE:0c_restrict
    Feature record: C_FEATURE:0c_static_assert
    Feature record: C_FEATURE:0c_variadic_macros
Determining if the CXX compiler works passed with the following output:
Change Dir: /home/canoi/Documentos/gameserver/build/CMakeFiles/CMakeTmp

Run Build Command(s):/usr/bin/gmake cmTC_63455/fast 
/usr/bin/gmake -f CMakeFiles/cmTC_63455.dir/build.make CMakeFiles/cmTC_63455.dir/build
gmake[1]: Entering directory '/home/canoi/Documentos/gameserver/build/CMakeFiles/CMakeTmp'
Building CXX object CMakeFiles/cmTC_63455.dir/testCXXCompiler.cxx.o
/usr/bin/c++     -o CMakeFiles/cmTC_63455.dir/testCXXCompiler.cxx.o -c /home/canoi/Documentos/gameserver/build/CMakeFiles/CMakeTmp/testCXXCompiler.cxx
Linking CXX executable cmTC_63455
/usr/bin/cmake -E cmake_link_script CMakeFiles/cmTC_63455.dir/link.txt --verbose=1
/usr/bin/c++       -rdynamic CMakeFiles/cmTC_63455.dir/testCXXCompiler.cxx.o  -o cmTC_63455 
gmake[1]: Leaving directory '/home/canoi/Documentos/gameserver/build/CMakeFiles/CMakeTmp'


Detecting CXX compiler ABI info compiled with the following output:
Change Dir: /home/canoi/Documentos/gameserver/build/CMakeFiles/CMakeTmp

Run Build Command(s):/usr/bin/gmake cmTC_b1604/fast 
/usr/bin/gmake -f CMakeFiles/cmTC_b1604.dir/build.make CMakeFiles/cmTC_b1604.dir/build
gmake[1]: Entering directory '/home/canoi/Documentos/gameserver/build/CMakeFiles/CMakeTmp'
Building CXX object CMakeFiles/cmTC_b1604.dir/CMakeCXXCompilerABI.cpp.o
/usr/bin/c++    -v -o CMakeFiles/cmTC_b1604.dir/CMakeCXXCompilerABI.cpp.o -c /usr/share/cmake-3.14/Modules/CMakeCXXCompilerABI.cpp
Using built-in specs.
COLLECT_GCC=/usr/bin/c++
Target: x86_64-solus-linux
Configured with: ../configure --prefix=/usr --with-pkgversion=Solus --libdir=/usr/lib64 --libexecdir=/usr/lib64 --with-system-zlib --enable-shared --enable-threads=posix --enable-gnu-indirect-function --enable-__cxa_atexit --enable-plugin --enable-gold --enable-ld=default --enable-clocale=gnu --enable-multilib --with-multilib-list=m32,m64 --enable-lto --with-gcc-major-version-only --with-bugurl=https://dev.solus-project.com/ --with-arch_32=i686 --enable-linker-build-id --with-linker-hash-style=gnu --with-gnu-ld --build=x86_64-solus-linux --target=x86_64-solus-linux --enable-languages=c,c++,fortran
Thread model: posix
gcc version 8.3.1 20190320 (Solus) 
COLLECT_GCC_OPTIONS='-v' '-o' 'CMakeFiles/cmTC_b1604.dir/CMakeCXXCompilerABI.cpp.o' '-c' '-shared-libgcc' '-mtune=generic' '-march=x86-64'
 /usr/lib64/gcc/x86_64-solus-linux/8/cc1plus -quiet -v -D_GNU_SOURCE /usr/share/cmake-3.14/Modules/CMakeCXXCompilerABI.cpp -quiet -dumpbase CMakeCXXCompilerABI.cpp -mtune=generic -march=x86-64 -auxbase-strip CMakeFiles/cmTC_b1604.dir/CMakeCXXCompilerABI.cpp.o -version -o /tmp/ccWOloPI.s
GNU C++14 (Solus) version 8.3.1 20190320 (x86_64-solus-linux)
	compiled by GNU C version 8.3.1 20190320, GMP version 6.1.2, MPFR version 4.0.1, MPC version 1.1.0, isl version isl-0.20-GMP

GGC heuristics: --param ggc-min-expand=100 --param ggc-min-heapsize=131072
ignoring nonexistent directory "/usr/lib64/gcc/x86_64-solus-linux/8/../../../../x86_64-solus-linux/include"
#include "..." search starts here:
#include <...> search starts here:
 /usr/lib64/gcc/x86_64-solus-linux/8/../../../../include/c++/8
 /usr/lib64/gcc/x86_64-solus-linux/8/../../../../include/c++/8/x86_64-solus-linux
 /usr/lib64/gcc/x86_64-solus-linux/8/../../../../include/c++/8/backward
 /usr/lib64/gcc/x86_64-solus-linux/8/include
 /usr/local/include
 /usr/lib64/gcc/x86_64-solus-linux/8/include-fixed
 /usr/include
End of search list.
GNU C++14 (Solus) version 8.3.1 20190320 (x86_64-solus-linux)
	compiled by GNU C version 8.3.1 20190320, GMP version 6.1.2, MPFR version 4.0.1, MPC version 1.1.0, isl version isl-0.20-GMP

GGC heuristics: --param ggc-min-expand=100 --param ggc-min-heapsize=131072
Compiler executable checksum: 0ea6fa03f76ef5ab200a6f3f0c7a0ea7
COLLECT_GCC_OPTIONS='-v' '-o' 'CMakeFiles/cmTC_b1604.dir/CMakeCXXCompilerABI.cpp.o' '-c' '-shared-libgcc' '-mtune=generic' '-march=x86-64'
 as -v --64 -o CMakeFiles/cmTC_b1604.dir/CMakeCXXCompilerABI.cpp.o /tmp/ccWOloPI.s
GNU assembler version 2.31.1 (x86_64-solus-linux) using BFD version (GNU Binutils) 2.31.1
COMPILER_PATH=/usr/lib64/gcc/x86_64-solus-linux/8/:/usr/lib64/gcc/x86_64-solus-linux/8/:/usr/lib64/gcc/x86_64-solus-linux/:/usr/lib64/gcc/x86_64-solus-linux/8/:/usr/lib64/gcc/x86_64-solus-linux/
LIBRARY_PATH=/usr/local/lib/../lib64/:/usr/local/lib64/../lib64/:/usr/lib64/gcc/x86_64-solus-linux/8/:/usr/lib64/gcc/x86_64-solus-linux/8/../../../../lib64/:/lib/../lib64/:/usr/lib/../lib64/:/usr/local/lib/:/usr/local/lib64/:./:/usr/lib64/gcc/x86_64-solus-linux/8/../../../:/lib/:/usr/lib/
COLLECT_GCC_OPTIONS='-v' '-o' 'CMakeFiles/cmTC_b1604.dir/CMakeCXXCompilerABI.cpp.o' '-c' '-shared-libgcc' '-mtune=generic' '-march=x86-64'
Linking CXX executable cmTC_b1604
/usr/bin/cmake -E cmake_link_script CMakeFiles/cmTC_b1604.dir/link.txt --verbose=1
/usr/bin/c++      -v -rdynamic CMakeFiles/cmTC_b1604.dir/CMakeCXXCompilerABI.cpp.o  -o cmTC_b1604 
Using built-in specs.
COLLECT_GCC=/usr/bin/c++
COLLECT_LTO_WRAPPER=/usr/lib64/gcc/x86_64-solus-linux/8/lto-wrapper
Target: x86_64-solus-linux
Configured with: ../configure --prefix=/usr --with-pkgversion=Solus --libdir=/usr/lib64 --libexecdir=/usr/lib64 --with-system-zlib --enable-shared --enable-threads=posix --enable-gnu-indirect-function --enable-__cxa_atexit --enable-plugin --enable-gold --enable-ld=default --enable-clocale=gnu --enable-multilib --with-multilib-list=m32,m64 --enable-lto --with-gcc-major-version-only --with-bugurl=https://dev.solus-project.com/ --with-arch_32=i686 --enable-linker-build-id --with-linker-hash-style=gnu --with-gnu-ld --build=x86_64-solus-linux --target=x86_64-solus-linux --enable-languages=c,c++,fortran
Thread model: posix
gcc version 8.3.1 20190320 (Solus) 
COMPILER_PATH=/usr/lib64/gcc/x86_64-solus-linux/8/:/usr/lib64/gcc/x86_64-solus-linux/8/:/usr/lib64/gcc/x86_64-solus-linux/:/usr/lib64/gcc/x86_64-solus-linux/8/:/usr/lib64/gcc/x86_64-solus-linux/
LIBRARY_PATH=/usr/local/lib/../lib64/:/usr/local/lib64/../lib64/:/usr/lib64/gcc/x86_64-solus-linux/8/:/usr/lib64/gcc/x86_64-solus-linux/8/../../../../lib64/:/lib/../lib64/:/usr/lib/../lib64/:/usr/local/lib/:/usr/local/lib64/:./:/usr/lib64/gcc/x86_64-solus-linux/8/../../../:/lib/:/usr/lib/
COLLECT_GCC_OPTIONS='-v' '-rdynamic' '-o' 'cmTC_b1604' '-shared-libgcc' '-mtune=generic' '-march=x86-64'
 /usr/lib64/gcc/x86_64-solus-linux/8/collect2 -plugin /usr/lib64/gcc/x86_64-solus-linux/8/liblto_plugin.so -plugin-opt=/usr/lib64/gcc/x86_64-solus-linux/8/lto-wrapper -plugin-opt=-fresolution=/tmp/cczgjBGL.res -plugin-opt=-pass-through=-lgcc_s -plugin-opt=-pass-through=-lgcc -plugin-opt=-pass-through=-lc -plugin-opt=-pass-through=-lgcc_s -plugin-opt=-pass-through=-lgcc --build-id --eh-frame-hdr --hash-style=gnu -m elf_x86_64 -export-dynamic -dynamic-linker /usr/lib64/ld-linux-x86-64.so.2 -o cmTC_b1604 /usr/lib64/gcc/x86_64-solus-linux/8/../../../../lib64/crt1.o /usr/lib64/gcc/x86_64-solus-linux/8/../../../../lib64/crti.o /usr/lib64/gcc/x86_64-solus-linux/8/crtbegin.o -L/usr/local/lib/../lib64 -L/usr/local/lib64/../lib64 -L/usr/lib64/gcc/x86_64-solus-linux/8 -L/usr/lib64/gcc/x86_64-solus-linux/8/../../../../lib64 -L/lib/../lib64 -L/usr/lib/../lib64 -L/usr/local/lib -L/usr/local/lib64 -L. -L/usr/lib64/gcc/x86_64-solus-linux/8/../../.. CMakeFiles/cmTC_b1604.dir/CMakeCXXCompilerABI.cpp.o -lstdc++ -lm -lgcc_s -lgcc -lc -lgcc_s -lgcc /usr/lib64/gcc/x86_64-solus-linux/8/crtend.o /usr/lib64/gcc/x86_64-solus-linux/8/../../../../lib64/crtn.o
COLLECT_GCC_OPTIONS='-v' '-rdynamic' '-o' 'cmTC_b1604' '-shared-libgcc' '-mtune=generic' '-march=x86-64'
gmake[1]: Leaving directory '/home/canoi/Documentos/gameserver/build/CMakeFiles/CMakeTmp'


Parsed CXX implicit include dir info from above output: rv=done
  found start of include info
  found start of implicit include info
    add: [/usr/lib64/gcc/x86_64-solus-linux/8/../../../../include/c++/8]
    add: [/usr/lib64/gcc/x86_64-solus-linux/8/../../../../include/c++/8/x86_64-solus-linux]
    add: [/usr/lib64/gcc/x86_64-solus-linux/8/../../../../include/c++/8/backward]
    add: [/usr/lib64/gcc/x86_64-solus-linux/8/include]
    add: [/usr/local/include]
    add: [/usr/lib64/gcc/x86_64-solus-linux/8/include-fixed]
    add: [/usr/include]
  end of search list found
  collapse include dir [/usr/lib64/gcc/x86_64-solus-linux/8/../../../../include/c++/8] ==> [/usr/include/c++/8]
  collapse include dir [/usr/lib64/gcc/x86_64-solus-linux/8/../../../../include/c++/8/x86_64-solus-linux] ==> [/usr/include/c++/8/x86_64-solus-linux]
  collapse include dir [/usr/lib64/gcc/x86_64-solus-linux/8/../../../../include/c++/8/backward] ==> [/usr/include/c++/8/backward]
  collapse include dir [/usr/lib64/gcc/x86_64-solus-linux/8/include] ==> [/usr/lib64/gcc/x86_64-solus-linux/8/include]
  collapse include dir [/usr/local/include] ==> [/usr/local/include]
  collapse include dir [/usr/lib64/gcc/x86_64-solus-linux/8/include-fixed] ==> [/usr/lib64/gcc/x86_64-solus-linux/8/include-fixed]
  collapse include dir [/usr/include] ==> [/usr/include]
  implicit include dirs: [/usr/include/c++/8;/usr/include/c++/8/x86_64-solus-linux;/usr/include/c++/8/backward;/usr/lib64/gcc/x86_64-solus-linux/8/include;/usr/local/include;/usr/lib64/gcc/x86_64-solus-linux/8/include-fixed;/usr/include]


Parsed CXX implicit link information from above output:
  link line regex: [^( *|.*[/\])(ld|CMAKE_LINK_STARTFILE-NOTFOUND|([^/\]+-)?ld|collect2)[^/\]*( |$)]
  ignore line: [Change Dir: /home/canoi/Documentos/gameserver/build/CMakeFiles/CMakeTmp]
  ignore line: []
  ignore line: [Run Build Command(s):/usr/bin/gmake cmTC_b1604/fast ]
  ignore line: [/usr/bin/gmake -f CMakeFiles/cmTC_b1604.dir/build.make CMakeFiles/cmTC_b1604.dir/build]
  ignore line: [gmake[1]: Entering directory '/home/canoi/Documentos/gameserver/build/CMakeFiles/CMakeTmp']
  ignore line: [Building CXX object CMakeFiles/cmTC_b1604.dir/CMakeCXXCompilerABI.cpp.o]
  ignore line: [/usr/bin/c++    -v -o CMakeFiles/cmTC_b1604.dir/CMakeCXXCompilerABI.cpp.o -c /usr/share/cmake-3.14/Modules/CMakeCXXCompilerABI.cpp]
  ignore line: [Using built-in specs.]
  ignore line: [COLLECT_GCC=/usr/bin/c++]
  ignore line: [Target: x86_64-solus-linux]
  ignore line: [Configured with: ../configure --prefix=/usr --with-pkgversion=Solus --libdir=/usr/lib64 --libexecdir=/usr/lib64 --with-system-zlib --enable-shared --enable-threads=posix --enable-gnu-indirect-function --enable-__cxa_atexit --enable-plugin --enable-gold --enable-ld=default --enable-clocale=gnu --enable-multilib --with-multilib-list=m32,m64 --enable-lto --with-gcc-major-version-only --with-bugurl=https://dev.solus-project.com/ --with-arch_32=i686 --enable-linker-build-id --with-linker-hash-style=gnu --with-gnu-ld --build=x86_64-solus-linux --target=x86_64-solus-linux --enable-languages=c,c++,fortran]
  ignore line: [Thread model: posix]
  ignore line: [gcc version 8.3.1 20190320 (Solus) ]
  ignore line: [COLLECT_GCC_OPTIONS='-v' '-o' 'CMakeFiles/cmTC_b1604.dir/CMakeCXXCompilerABI.cpp.o' '-c' '-shared-libgcc' '-mtune=generic' '-march=x86-64']
  ignore line: [ /usr/lib64/gcc/x86_64-solus-linux/8/cc1plus -quiet -v -D_GNU_SOURCE /usr/share/cmake-3.14/Modules/CMakeCXXCompilerABI.cpp -quiet -dumpbase CMakeCXXCompilerABI.cpp -mtune=generic -march=x86-64 -auxbase-strip CMakeFiles/cmTC_b1604.dir/CMakeCXXCompilerABI.cpp.o -version -o /tmp/ccWOloPI.s]
  ignore line: [GNU C++14 (Solus) version 8.3.1 20190320 (x86_64-solus-linux)]
  ignore line: [	compiled by GNU C version 8.3.1 20190320, GMP version 6.1.2, MPFR version 4.0.1, MPC version 1.1.0, isl version isl-0.20-GMP]
  ignore line: []
  ignore line: [GGC heuristics: --param ggc-min-expand=100 --param ggc-min-heapsize=131072]
  ignore line: [ignoring nonexistent directory "/usr/lib64/gcc/x86_64-solus-linux/8/../../../../x86_64-solus-linux/include"]
  ignore line: [#include "..." search starts here:]
  ignore line: [#include <...> search starts here:]
  ignore line: [ /usr/lib64/gcc/x86_64-solus-linux/8/../../../../include/c++/8]
  ignore line: [ /usr/lib64/gcc/x86_64-solus-linux/8/../../../../include/c++/8/x86_64-solus-linux]
  ignore line: [ /usr/lib64/gcc/x86_64-solus-linux/8/../../../../include/c++/8/backward]
  ignore line: [ /usr/lib64/gcc/x86_64-solus-linux/8/include]
  ignore line: [ /usr/local/include]
  ignore line: [ /usr/lib64/gcc/x86_64-solus-linux/8/include-fixed]
  ignore line: [ /usr/include]
  ignore line: [End of search list.]
  ignore line: [GNU C++14 (Solus) version 8.3.1 20190320 (x86_64-solus-linux)]
  ignore line: [	compiled by GNU C version 8.3.1 20190320, GMP version 6.1.2, MPFR version 4.0.1, MPC version 1.1.0, isl version isl-0.20-GMP]
  ignore line: []
  ignore line: [GGC heuristics: --param ggc-min-expand=100 --param ggc-min-heapsize=131072]
  ignore line: [Compiler executable checksum: 0ea6fa03f76ef5ab200a6f3f0c7a0ea7]
  ignore line: [COLLECT_GCC_OPTIONS='-v' '-o' 'CMakeFiles/cmTC_b1604.dir/CMakeCXXCompilerABI.cpp.o' '-c' '-shared-libgcc' '-mtune=generic' '-march=x86-64']
  ignore line: [ as -v --64 -o CMakeFiles/cmTC_b1604.dir/CMakeCXXCompilerABI.cpp.o /tmp/ccWOloPI.s]
  ignore line: [GNU assembler version 2.31.1 (x86_64-solus-linux) using BFD version (GNU Binutils) 2.31.1]
  ignore line: [COMPILER_PATH=/usr/lib64/gcc/x86_64-solus-linux/8/:/usr/lib64/gcc/x86_64-solus-linux/8/:/usr/lib64/gcc/x86_64-solus-linux/:/usr/lib64/gcc/x86_64-solus-linux/8/:/usr/lib64/gcc/x86_64-solus-linux/]
  ignore line: [LIBRARY_PATH=/usr/local/lib/../lib64/:/usr/local/lib64/../lib64/:/usr/lib64/gcc/x86_64-solus-linux/8/:/usr/lib64/gcc/x86_64-solus-linux/8/../../../../lib64/:/lib/../lib64/:/usr/lib/../lib64/:/usr/local/lib/:/usr/local/lib64/:./:/usr/lib64/gcc/x86_64-solus-linux/8/../../../:/lib/:/usr/lib/]
  ignore line: [COLLECT_GCC_OPTIONS='-v' '-o' 'CMakeFiles/cmTC_b1604.dir/CMakeCXXCompilerABI.cpp.o' '-c' '-shared-libgcc' '-mtune=generic' '-march=x86-64']
  ignore line: [Linking CXX executable cmTC_b1604]
  ignore line: [/usr/bin/cmake -E cmake_link_script CMakeFiles/cmTC_b1604.dir/link.txt --verbose=1]
  ignore line: [/usr/bin/c++      -v -rdynamic CMakeFiles/cmTC_b1604.dir/CMakeCXXCompilerABI.cpp.o  -o cmTC_b1604 ]
  ignore line: [Using built-in specs.]
  ignore line: [COLLECT_GCC=/usr/bin/c++]
  ignore line: [COLLECT_LTO_WRAPPER=/usr/lib64/gcc/x86_64-solus-linux/8/lto-wrapper]
  ignore line: [Target: x86_64-solus-linux]
  ignore line: [Configured with: ../configure --prefix=/usr --with-pkgversion=Solus --libdir=/usr/lib64 --libexecdir=/usr/lib64 --with-system-zlib --enable-shared --enable-threads=posix --enable-gnu-indirect-function --enable-__cxa_atexit --enable-plugin --enable-gold --enable-ld=default --enable-clocale=gnu --enable-multilib --with-multilib-list=m32,m64 --enable-lto --with-gcc-major-version-only --with-bugurl=https://dev.solus-project.com/ --with-arch_32=i686 --enable-linker-build-id --with-linker-hash-style=gnu --with-gnu-ld --build=x86_64-solus-linux --target=x86_64-solus-linux --enable-languages=c,c++,fortran]
  ignore line: [Thread model: posix]
  ignore line: [gcc version 8.3.1 20190320 (Solus) ]
  ignore line: [COMPILER_PATH=/usr/lib64/gcc/x86_64-solus-linux/8/:/usr/lib64/gcc/x86_64-solus-linux/8/:/usr/lib64/gcc/x86_64-solus-linux/:/usr/lib64/gcc/x86_64-solus-linux/8/:/usr/lib64/gcc/x86_64-solus-linux/]
  ignore line: [LIBRARY_PATH=/usr/local/lib/../lib64/:/usr/local/lib64/../lib64/:/usr/lib64/gcc/x86_64-solus-linux/8/:/usr/lib64/gcc/x86_64-solus-linux/8/../../../../lib64/:/lib/../lib64/:/usr/lib/../lib64/:/usr/local/lib/:/usr/local/lib64/:./:/usr/lib64/gcc/x86_64-solus-linux/8/../../../:/lib/:/usr/lib/]
  ignore line: [COLLECT_GCC_OPTIONS='-v' '-rdynamic' '-o' 'cmTC_b1604' '-shared-libgcc' '-mtune=generic' '-march=x86-64']
  link line: [ /usr/lib64/gcc/x86_64-solus-linux/8/collect2 -plugin /usr/lib64/gcc/x86_64-solus-linux/8/liblto_plugin.so -plugin-opt=/usr/lib64/gcc/x86_64-solus-linux/8/lto-wrapper -plugin-opt=-fresolution=/tmp/cczgjBGL.res -plugin-opt=-pass-through=-lgcc_s -plugin-opt=-pass-through=-lgcc -plugin-opt=-pass-through=-lc -plugin-opt=-pass-through=-lgcc_s -plugin-opt=-pass-through=-lgcc --build-id --eh-frame-hdr --hash-style=gnu -m elf_x86_64 -export-dynamic -dynamic-linker /usr/lib64/ld-linux-x86-64.so.2 -o cmTC_b1604 /usr/lib64/gcc/x86_64-solus-linux/8/../../../../lib64/crt1.o /usr/lib64/gcc/x86_64-solus-linux/8/../../../../lib64/crti.o /usr/lib64/gcc/x86_64-solus-linux/8/crtbegin.o -L/usr/local/lib/../lib64 -L/usr/local/lib64/../lib64 -L/usr/lib64/gcc/x86_64-solus-linux/8 -L/usr/lib64/gcc/x86_64-solus-linux/8/../../../../lib64 -L/lib/../lib64 -L/usr/lib/../lib64 -L/usr/local/lib -L/usr/local/lib64 -L. -L/usr/lib64/gcc/x86_64-solus-linux/8/../../.. CMakeFiles/cmTC_b1604.dir/CMakeCXXCompilerABI.cpp.o -lstdc++ -lm -lgcc_s -lgcc -lc -lgcc_s -lgcc /usr/lib64/gcc/x86_64-solus-linux/8/crtend.o /usr/lib64/gcc/x86_64-solus-linux/8/../../../../lib64/crtn.o]
    arg [/usr/lib64/gcc/x86_64-solus-linux/8/collect2] ==> ignore
    arg [-plugin] ==> ignore
    arg [/usr/lib64/gcc/x86_64-solus-linux/8/liblto_plugin.so] ==> ignore
    arg [-plugin-opt=/usr/lib64/gcc/x86_64-solus-linux/8/lto-wrapper] ==> ignore
    arg [-plugin-opt=-fresolution=/tmp/cczgjBGL.res] ==> ignore
    arg [-plugin-opt=-pass-through=-lgcc_s] ==> ignore
    arg [-plugin-opt=-pass-through=-lgcc] ==> ignore
    arg [-plugin-opt=-pass-through=-lc] ==> ignore
    arg [-plugin-opt=-pass-through=-lgcc_s] ==> ignore
    arg [-plugin-opt=-pass-through=-lgcc] ==> ignore
    arg [--build-id] ==> ignore
    arg [--eh-frame-hdr] ==> ignore
    arg [--hash-style=gnu] ==> ignore
    arg [-m] ==> ignore
    arg [elf_x86_64] ==> ignore
    arg [-export-dynamic] ==> ignore
    arg [-dynamic-linker] ==> ignore
    arg [/usr/lib64/ld-linux-x86-64.so.2] ==> ignore
    arg [-o] ==> ignore
    arg [cmTC_b1604] ==> ignore
    arg [/usr/lib64/gcc/x86_64-solus-linux/8/../../../../lib64/crt1.o] ==> ignore
    arg [/usr/lib64/gcc/x86_64-solus-linux/8/../../../../lib64/crti.o] ==> ignore
    arg [/usr/lib64/gcc/x86_64-solus-linux/8/crtbegin.o] ==> ignore
    arg [-L/usr/local/lib/../lib64] ==> dir [/usr/local/lib/../lib64]
    arg [-L/usr/local/lib64/../lib64] ==> dir [/usr/local/lib64/../lib64]
    arg [-L/usr/lib64/gcc/x86_64-solus-linux/8] ==> dir [/usr/lib64/gcc/x86_64-solus-linux/8]
    arg [-L/usr/lib64/gcc/x86_64-solus-linux/8/../../../../lib64] ==> dir [/usr/lib64/gcc/x86_64-solus-linux/8/../../../../lib64]
    arg [-L/lib/../lib64] ==> dir [/lib/../lib64]
    arg [-L/usr/lib/../lib64] ==> dir [/usr/lib/../lib64]
    arg [-L/usr/local/lib] ==> dir [/usr/local/lib]
    arg [-L/usr/local/lib64] ==> dir [/usr/local/lib64]
    arg [-L.] ==> ignore
    arg [-L/usr/lib64/gcc/x86_64-solus-linux/8/../../..] ==> dir [/usr/lib64/gcc/x86_64-solus-linux/8/../../..]
    arg [CMakeFiles/cmTC_b1604.dir/CMakeCXXCompilerABI.cpp.o] ==> ignore
    arg [-lstdc++] ==> lib [stdc++]
    arg [-lm] ==> lib [m]
    arg [-lgcc_s] ==> lib [gcc_s]
    arg [-lgcc] ==> lib [gcc]
    arg [-lc] ==> lib [c]
    arg [-lgcc_s] ==> lib [gcc_s]
    arg [-lgcc] ==> lib [gcc]
    arg [/usr/lib64/gcc/x86_64-solus-linux/8/crtend.o] ==> ignore
    arg [/usr/lib64/gcc/x86_64-solus-linux/8/../../../../lib64/crtn.o] ==> ignore
  collapse library dir [/usr/local/lib/../lib64] ==> [/usr/local/lib64]
  collapse library dir [/usr/local/lib64/../lib64] ==> [/usr/local/lib64]
  collapse library dir [/usr/lib64/gcc/x86_64-solus-linux/8] ==> [/usr/lib64/gcc/x86_64-solus-linux/8]
  collapse library dir [/usr/lib64/gcc/x86_64-solus-linux/8/../../../../lib64] ==> [/usr/lib64]
  collapse library dir [/lib/../lib64] ==> [/lib64]
  collapse library dir [/usr/lib/../lib64] ==> [/usr/lib64]
  collapse library dir [/usr/local/lib] ==> [/usr/local/lib]
  collapse library dir [/usr/local/lib64] ==> [/usr/local/lib64]
  collapse library dir [/usr/lib64/gcc/x86_64-solus-linux/8/../../..] ==> [/usr/lib64]
  implicit libs: [stdc++;m;gcc_s;gcc;c;gcc_s;gcc]
  implicit dirs: [/usr/local/lib64;/usr/lib64/gcc/x86_64-solus-linux/8;/usr/lib64;/lib64;/usr/local/lib]
  implicit fwks: []




Detecting CXX [-std=c++2a] compiler features compiled with the following output:
Change Dir: /home/canoi/Documentos/gameserver/build/CMakeFiles/CMakeTmp

Run Build Command(s):/usr/bin/gmake cmTC_2c8fc/fast 
/usr/bin/gmake -f CMakeFiles/cmTC_2c8fc.dir/build.make CMakeFiles/cmTC_2c8fc.dir/build
gmake[1]: Entering directory '/home/canoi/Documentos/gameserver/build/CMakeFiles/CMakeTmp'
Building CXX object CMakeFiles/cmTC_2c8fc.dir/feature_tests.cxx.o
/usr/bin/c++    -std=c++2a -o CMakeFiles/cmTC_2c8fc.dir/feature_tests.cxx.o -c /home/canoi/Documentos/gameserver/build/CMakeFiles/feature_tests.cxx
Linking CXX executable cmTC_2c8fc
/usr/bin/cmake -E cmake_link_script CMakeFiles/cmTC_2c8fc.dir/link.txt --verbose=1
/usr/bin/c++       -rdynamic CMakeFiles/cmTC_2c8fc.dir/feature_tests.cxx.o  -o cmTC_2c8fc 
gmake[1]: Leaving directory '/home/canoi/Documentos/gameserver/build/CMakeFiles/CMakeTmp'


    Feature record: CXX_FEATURE:1cxx_aggregate_default_initializers
    Feature record: CXX_FEATURE:1cxx_alias_templates
    Feature record: CXX_FEATURE:1cxx_alignas
    Feature record: CXX_FEATURE:1cxx_alignof
    Feature record: CXX_FEATURE:1cxx_attributes
    Feature record: CXX_FEATURE:1cxx_attribute_deprecated
    Feature record: CXX_FEATURE:1cxx_auto_type
    Feature record: CXX_FEATURE:1cxx_binary_literals
    Feature record: CXX_FEATURE:1cxx_constexpr
    Feature record: CXX_FEATURE:1cxx_contextual_conversions
    Feature record: CXX_FEATURE:1cxx_decltype
    Feature record: CXX_FEATURE:1cxx_decltype_auto
    Feature record: CXX_FEATURE:1cxx_decltype_incomplete_return_types
    Feature record: CXX_FEATURE:1cxx_default_function_template_args
    Feature record: CXX_FEATURE:1cxx_defaulted_functions
    Feature record: CXX_FEATURE:1cxx_defaulted_move_initializers
    Feature record: CXX_FEATURE:1cxx_delegating_constructors
    Feature record: CXX_FEATURE:1cxx_deleted_functions
    Feature record: CXX_FEATURE:1cxx_digit_separators
    Feature record: CXX_FEATURE:1cxx_enum_forward_declarations
    Feature record: CXX_FEATURE:1cxx_explicit_conversions
    Feature record: CXX_FEATURE:1cxx_extended_friend_declarations
    Feature record: CXX_FEATURE:1cxx_extern_templates
    Feature record: CXX_FEATURE:1cxx_final
    Feature record: CXX_FEATURE:1cxx_func_identifier
    Feature record: CXX_FEATURE:1cxx_generalized_initializers
    Feature record: CXX_FEATURE:1cxx_generic_lambdas
    Feature record: CXX_FEATURE:1cxx_inheriting_constructors
    Feature record: CXX_FEATURE:1cxx_inline_namespaces
    Feature record: CXX_FEATURE:1cxx_lambdas
    Feature record: CXX_FEATURE:1cxx_lambda_init_captures
    Feature record: CXX_FEATURE:1cxx_local_type_template_args
    Feature record: CXX_FEATURE:1cxx_long_long_type
    Feature record: CXX_FEATURE:1cxx_noexcept
    Feature record: CXX_FEATURE:1cxx_nonstatic_member_init
    Feature record: CXX_FEATURE:1cxx_nullptr
    Feature record: CXX_FEATURE:1cxx_override
    Feature record: CXX_FEATURE:1cxx_range_for
    Feature record: CXX_FEATURE:1cxx_raw_string_literals
    Feature record: CXX_FEATURE:1cxx_reference_qualified_functions
    Feature record: CXX_FEATURE:1cxx_relaxed_constexpr
    Feature record: CXX_FEATURE:1cxx_return_type_deduction
    Feature record: CXX_FEATURE:1cxx_right_angle_brackets
    Feature record: CXX_FEATURE:1cxx_rvalue_references
    Feature record: CXX_FEATURE:1cxx_sizeof_member
    Feature record: CXX_FEATURE:1cxx_static_assert
    Feature record: CXX_FEATURE:1cxx_strong_enums
    Feature record: CXX_FEATURE:1cxx_template_template_parameters
    Feature record: CXX_FEATURE:1cxx_thread_local
    Feature record: CXX_FEATURE:1cxx_trailing_return_types
    Feature record: CXX_FEATURE:1cxx_unicode_literals
    Feature record: CXX_FEATURE:1cxx_uniform_initialization
    Feature record: CXX_FEATURE:1cxx_unrestricted_unions
    Feature record: CXX_FEATURE:1cxx_user_literals
    Feature record: CXX_FEATURE:1cxx_variable_templates
    Feature record: CXX_FEATURE:1cxx_variadic_macros
    Feature record: CXX_FEATURE:1cxx_variadic_templates


Detecting CXX [-std=c++17] compiler features compiled with the following output:
Change Dir: /home/canoi/Documentos/gameserver/build/CMakeFiles/CMakeTmp

Run Build Command(s):/usr/bin/gmake cmTC_cd59c/fast 
/usr/bin/gmake -f CMakeFiles/cmTC_cd59c.dir/build.make CMakeFiles/cmTC_cd59c.dir/build
gmake[1]: Entering directory '/home/canoi/Documentos/gameserver/build/CMakeFiles/CMakeTmp'
Building CXX object CMakeFiles/cmTC_cd59c.dir/feature_tests.cxx.o
/usr/bin/c++    -std=c++17 -o CMakeFiles/cmTC_cd59c.dir/feature_tests.cxx.o -c /home/canoi/Documentos/gameserver/build/CMakeFiles/feature_tests.cxx
Linking CXX executable cmTC_cd59c
/usr/bin/cmake -E cmake_link_script CMakeFiles/cmTC_cd59c.dir/link.txt --verbose=1
/usr/bin/c++       -rdynamic CMakeFiles/cmTC_cd59c.dir/feature_tests.cxx.o  -o cmTC_cd59c 
gmake[1]: Leaving directory '/home/canoi/Documentos/gameserver/build/CMakeFiles/CMakeTmp'


    Feature record: CXX_FEATURE:1cxx_aggregate_default_initializers
    Feature record: CXX_FEATURE:1cxx_alias_templates
    Feature record: CXX_FEATURE:1cxx_alignas
    Feature record: CXX_FEATURE:1cxx_alignof
    Feature record: CXX_FEATURE:1cxx_attributes
    Feature record: CXX_FEATURE:1cxx_attribute_deprecated
    Feature record: CXX_FEATURE:1cxx_auto_type
    Feature record: CXX_FEATURE:1cxx_binary_literals
    Feature record: CXX_FEATURE:1cxx_constexpr
    Feature record: CXX_FEATURE:1cxx_contextual_conversions
    Feature record: CXX_FEATURE:1cxx_decltype
    Feature record: CXX_FEATURE:1cxx_decltype_auto
    Feature record: CXX_FEATURE:1cxx_decltype_incomplete_return_types
    Feature record: CXX_FEATURE:1cxx_default_function_template_args
    Feature record: CXX_FEATURE:1cxx_defaulted_functions
    Feature record: CXX_FEATURE:1cxx_defaulted_move_initializers
    Feature record: CXX_FEATURE:1cxx_delegating_constructors
    Feature record: CXX_FEATURE:1cxx_deleted_functions
    Feature record: CXX_FEATURE:1cxx_digit_separators
    Feature record: CXX_FEATURE:1cxx_enum_forward_declarations
    Feature record: CXX_FEATURE:1cxx_explicit_conversions
    Feature record: CXX_FEATURE:1cxx_extended_friend_declarations
    Feature record: CXX_FEATURE:1cxx_extern_templates
    Feature record: CXX_FEATURE:1cxx_final
    Feature record: CXX_FEATURE:1cxx_func_identifier
    Feature record: CXX_FEATURE:1cxx_generalized_initializers
    Feature record: CXX_FEATURE:1cxx_generic_lambdas
    Feature record: CXX_FEATURE:1cxx_inheriting_constructors
    Feature record: CXX_FEATURE:1cxx_inline_namespaces
    Feature record: CXX_FEATURE:1cxx_lambdas
    Feature record: CXX_FEATURE:1cxx_lambda_init_captures
    Feature record: CXX_FEATURE:1cxx_local_type_template_args
    Feature record: CXX_FEATURE:1cxx_long_long_type
    Feature record: CXX_FEATURE:1cxx_noexcept
    Feature record: CXX_FEATURE:1cxx_nonstatic_member_init
    Feature record: CXX_FEATURE:1cxx_nullptr
    Feature record: CXX_FEATURE:1cxx_override
    Feature record: CXX_FEATURE:1cxx_range_for
    Feature record: CXX_FEATURE:1cxx_raw_string_literals
    Feature record: CXX_FEATURE:1cxx_reference_qualified_functions
    Feature record: CXX_FEATURE:1cxx_relaxed_constexpr
    Feature record: CXX_FEATURE:1cxx_return_type_deduction
    Feature record: CXX_FEATURE:1cxx_right_angle_brackets
    Feature record: CXX_FEATURE:1cxx_rvalue_references
    Feature record: CXX_FEATURE:1cxx_sizeof_member
    Feature record: CXX_FEATURE:1cxx_static_assert
    Feature record: CXX_FEATURE:1cxx_strong_enums
    Feature record: CXX_FEATURE:1cxx_template_template_parameters
    Feature record: CXX_FEATURE:1cxx_thread_local
    Feature record: CXX_FEATURE:1cxx_trailing_return_types
    Feature record: CXX_FEATURE:1cxx_unicode_literals
    Feature record: CXX_FEATURE:1cxx_uniform_initialization
    Feature record: CXX_FEATURE:1cxx_unrestricted_unions
    Feature record: CXX_FEATURE:1cxx_user_literals
    Feature record: CXX_FEATURE:1cxx_variable_templates
    Feature record: CXX_FEATURE:1cxx_variadic_macros
    Feature record: CXX_FEATURE:1cxx_variadic_templates


Detecting CXX [-std=c++14] compiler features compiled with the following output:
Change Dir: /home/canoi/Documentos/gameserver/build/CMakeFiles/CMakeTmp

Run Build Command(s):/usr/bin/gmake cmTC_2f7cf/fast 
/usr/bin/gmake -f CMakeFiles/cmTC_2f7cf.dir/build.make CMakeFiles/cmTC_2f7cf.dir/build
gmake[1]: Entering directory '/home/canoi/Documentos/gameserver/build/CMakeFiles/CMakeTmp'
Building CXX object CMakeFiles/cmTC_2f7cf.dir/feature_tests.cxx.o
/usr/bin/c++    -std=c++14 -o CMakeFiles/cmTC_2f7cf.dir/feature_tests.cxx.o -c /home/canoi/Documentos/gameserver/build/CMakeFiles/feature_tests.cxx
Linking CXX executable cmTC_2f7cf
/usr/bin/cmake -E cmake_link_script CMakeFiles/cmTC_2f7cf.dir/link.txt --verbose=1
/usr/bin/c++       -rdynamic CMakeFiles/cmTC_2f7cf.dir/feature_tests.cxx.o  -o cmTC_2f7cf 
gmake[1]: Leaving directory '/home/canoi/Documentos/gameserver/build/CMakeFiles/CMakeTmp'


    Feature record: CXX_FEATURE:1cxx_aggregate_default_initializers
    Feature record: CXX_FEATURE:1cxx_alias_templates
    Feature record: CXX_FEATURE:1cxx_alignas
    Feature record: CXX_FEATURE:1cxx_alignof
    Feature record: CXX_FEATURE:1cxx_attributes
    Feature record: CXX_FEATURE:1cxx_attribute_deprecated
    Feature record: CXX_FEATURE:1cxx_auto_type
    Feature record: CXX_FEATURE:1cxx_binary_literals
    Feature record: CXX_FEATURE:1cxx_constexpr
    Feature record: CXX_FEATURE:1cxx_contextual_conversions
    Feature record: CXX_FEATURE:1cxx_decltype
    Feature record: CXX_FEATURE:1cxx_decltype_auto
    Feature record: CXX_FEATURE:1cxx_decltype_incomplete_return_types
    Feature record: CXX_FEATURE:1cxx_default_function_template_args
    Feature record: CXX_FEATURE:1cxx_defaulted_functions
    Feature record: CXX_FEATURE:1cxx_defaulted_move_initializers
    Feature record: CXX_FEATURE:1cxx_delegating_constructors
    Feature record: CXX_FEATURE:1cxx_deleted_functions
    Feature record: CXX_FEATURE:1cxx_digit_separators
    Feature record: CXX_FEATURE:1cxx_enum_forward_declarations
    Feature record: CXX_FEATURE:1cxx_explicit_conversions
    Feature record: CXX_FEATURE:1cxx_extended_friend_declarations
    Feature record: CXX_FEATURE:1cxx_extern_templates
    Feature record: CXX_FEATURE:1cxx_final
    Feature record: CXX_FEATURE:1cxx_func_identifier
    Feature record: CXX_FEATURE:1cxx_generalized_initializers
    Feature record: CXX_FEATURE:1cxx_generic_lambdas
    Feature record: CXX_FEATURE:1cxx_inheriting_constructors
    Feature record: CXX_FEATURE:1cxx_inline_namespaces
    Feature record: CXX_FEATURE:1cxx_lambdas
    Feature record: CXX_FEATURE:1cxx_lambda_init_captures
    Feature record: CXX_FEATURE:1cxx_local_type_template_args
    Feature record: CXX_FEATURE:1cxx_long_long_type
    Feature record: CXX_FEATURE:1cxx_noexcept
    Feature record: CXX_FEATURE:1cxx_nonstatic_member_init
    Feature record: CXX_FEATURE:1cxx_nullptr
    Feature record: CXX_FEATURE:1cxx_override
    Feature record: CXX_FEATURE:1cxx_range_for
    Feature record: CXX_FEATURE:1cxx_raw_string_literals
    Feature record: CXX_FEATURE:1cxx_reference_qualified_functions
    Feature record: CXX_FEATURE:1cxx_relaxed_constexpr
    Feature record: CXX_FEATURE:1cxx_return_type_deduction
    Feature record: CXX_FEATURE:1cxx_right_angle_brackets
    Feature record: CXX_FEATURE:1cxx_rvalue_references
    Feature record: CXX_FEATURE:1cxx_sizeof_member
    Feature record: CXX_FEATURE:1cxx_static_assert
    Feature record: CXX_FEATURE:1cxx_strong_enums
    Feature record: CXX_FEATURE:1cxx_template_template_parameters
    Feature record: CXX_FEATURE:1cxx_thread_local
    Feature record: CXX_FEATURE:1cxx_trailing_return_types
    Feature record: CXX_FEATURE:1cxx_unicode_literals
    Feature record: CXX_FEATURE:1cxx_uniform_initialization
    Feature record: CXX_FEATURE:1cxx_unrestricted_unions
    Feature record: CXX_FEATURE:1cxx_user_literals
    Feature record: CXX_FEATURE:1cxx_variable_templates
    Feature record: CXX_FEATURE:1cxx_variadic_macros
    Feature record: CXX_FEATURE:1cxx_variadic_templates


Detecting CXX [-std=c++11] compiler features compiled with the following output:
Change Dir: /home/canoi/Documentos/gameserver/build/CMakeFiles/CMakeTmp

Run Build Command(s):/usr/bin/gmake cmTC_554f7/fast 
/usr/bin/gmake -f CMakeFiles/cmTC_554f7.dir/build.make CMakeFiles/cmTC_554f7.dir/build
gmake[1]: Entering directory '/home/canoi/Documentos/gameserver/build/CMakeFiles/CMakeTmp'
Building CXX object CMakeFiles/cmTC_554f7.dir/feature_tests.cxx.o
/usr/bin/c++    -std=c++11 -o CMakeFiles/cmTC_554f7.dir/feature_tests.cxx.o -c /home/canoi/Documentos/gameserver/build/CMakeFiles/feature_tests.cxx
Linking CXX executable cmTC_554f7
/usr/bin/cmake -E cmake_link_script CMakeFiles/cmTC_554f7.dir/link.txt --verbose=1
/usr/bin/c++       -rdynamic CMakeFiles/cmTC_554f7.dir/feature_tests.cxx.o  -o cmTC_554f7 
gmake[1]: Leaving directory '/home/canoi/Documentos/gameserver/build/CMakeFiles/CMakeTmp'


    Feature record: CXX_FEATURE:0cxx_aggregate_default_initializers
    Feature record: CXX_FEATURE:1cxx_alias_templates
    Feature record: CXX_FEATURE:1cxx_alignas
    Feature record: CXX_FEATURE:1cxx_alignof
    Feature record: CXX_FEATURE:1cxx_attributes
    Feature record: CXX_FEATURE:0cxx_attribute_deprecated
    Feature record: CXX_FEATURE:1cxx_auto_type
    Feature record: CXX_FEATURE:0cxx_binary_literals
    Feature record: CXX_FEATURE:1cxx_constexpr
    Feature record: CXX_FEATURE:0cxx_contextual_conversions
    Feature record: CXX_FEATURE:1cxx_decltype
    Feature record: CXX_FEATURE:0cxx_decltype_auto
    Feature record: CXX_FEATURE:1cxx_decltype_incomplete_return_types
    Feature record: CXX_FEATURE:1cxx_default_function_template_args
    Feature record: CXX_FEATURE:1cxx_defaulted_functions
    Feature record: CXX_FEATURE:1cxx_defaulted_move_initializers
    Feature record: CXX_FEATURE:1cxx_delegating_constructors
    Feature record: CXX_FEATURE:1cxx_deleted_functions
    Feature record: CXX_FEATURE:0cxx_digit_separators
    Feature record: CXX_FEATURE:1cxx_enum_forward_declarations
    Feature record: CXX_FEATURE:1cxx_explicit_conversions
    Feature record: CXX_FEATURE:1cxx_extended_friend_declarations
    Feature record: CXX_FEATURE:1cxx_extern_templates
    Feature record: CXX_FEATURE:1cxx_final
    Feature record: CXX_FEATURE:1cxx_func_identifier
    Feature record: CXX_FEATURE:1cxx_generalized_initializers
    Feature record: CXX_FEATURE:0cxx_generic_lambdas
    Feature record: CXX_FEATURE:1cxx_inheriting_constructors
    Feature record: CXX_FEATURE:1cxx_inline_namespaces
    Feature record: CXX_FEATURE:1cxx_lambdas
    Feature record: CXX_FEATURE:0cxx_lambda_init_captures
    Feature record: CXX_FEATURE:1cxx_local_type_template_args
    Feature record: CXX_FEATURE:1cxx_long_long_type
    Feature record: CXX_FEATURE:1cxx_noexcept
    Feature record: CXX_FEATURE:1cxx_nonstatic_member_init
    Feature record: CXX_FEATURE:1cxx_nullptr
    Feature record: CXX_FEATURE:1cxx_override
    Feature record: CXX_FEATURE:1cxx_range_for
    Feature record: CXX_FEATURE:1cxx_raw_string_literals
    Feature record: CXX_FEATURE:1cxx_reference_qualified_functions
    Feature record: CXX_FEATURE:0cxx_relaxed_constexpr
    Feature record: CXX_FEATURE:0cxx_return_type_deduction
    Feature record: CXX_FEATURE:1cxx_right_angle_brackets
    Feature record: CXX_FEATURE:1cxx_rvalue_references
    Feature record: CXX_FEATURE:1cxx_sizeof_member
    Feature record: CXX_FEATURE:1cxx_static_assert
    Feature record: CXX_FEATURE:1cxx_strong_enums
    Feature record: CXX_FEATURE:1cxx_template_template_parameters
    Feature record: CXX_FEATURE:1cxx_thread_local
    Feature record: CXX_FEATURE:1cxx_trailing_return_types
    Feature record: CXX_FEATURE:1cxx_unicode_literals
    Feature record: CXX_FEATURE:1cxx_uniform_initialization
    Feature record: CXX_FEATURE:1cxx_unrestricted_unions
    Feature record: CXX_FEATURE:1cxx_user_literals
    Feature record: CXX_FEATURE:0cxx_variable_templates
    Feature record: CXX_FEATURE:1cxx_variadic_macros
    Feature record: CXX_FEATURE:1cxx_variadic_templates


Detecting CXX [-std=c++98] compiler features compiled with the following output:
Change Dir: /home/canoi/Documentos/gameserver/build/CMakeFiles/CMakeTmp

Run Build Command(s):/usr/bin/gmake cmTC_4ae66/fast 
/usr/bin/gmake -f CMakeFiles/cmTC_4ae66.dir/build.make CMakeFiles/cmTC_4ae66.dir/build
gmake[1]: Entering directory '/home/canoi/Documentos/gameserver/build/CMakeFiles/CMakeTmp'
Building CXX object CMakeFiles/cmTC_4ae66.dir/feature_tests.cxx.o
/usr/bin/c++    -std=c++98 -o CMakeFiles/cmTC_4ae66.dir/feature_tests.cxx.o -c /home/canoi/Documentos/gameserver/build/CMakeFiles/feature_tests.cxx
Linking CXX executable cmTC_4ae66
/usr/bin/cmake -E cmake_link_script CMakeFiles/cmTC_4ae66.dir/link.txt --verbose=1
/usr/bin/c++       -rdynamic CMakeFiles/cmTC_4ae66.dir/feature_tests.cxx.o  -o cmTC_4ae66 
gmake[1]: Leaving directory '/home/canoi/Documentos/gameserver/build/CMakeFiles/CMakeTmp'


    Feature record: CXX_FEATURE:0cxx_aggregate_default_initializers
    Feature record: CXX_FEATURE:0cxx_alias_templates
    Feature record: CXX_FEATURE:0cxx_alignas
    Feature record: CXX_FEATURE:0cxx_alignof
    Feature record: CXX_FEATURE:0cxx_attributes
    Feature record: CXX_FEATURE:0cxx_attribute_deprecated
    Feature record: CXX_FEATURE:0cxx_auto_type
    Feature record: CXX_FEATURE:0cxx_binary_literals
    Feature record: CXX_FEATURE:0cxx_constexpr
    Feature record: CXX_FEATURE:0cxx_contextual_conversions
    Feature record: CXX_FEATURE:0cxx_decltype
    Feature record: CXX_FEATURE:0cxx_decltype_auto
    Feature record: CXX_FEATURE:0cxx_decltype_incomplete_return_types
    Feature record: CXX_FEATURE:0cxx_default_function_template_args
    Feature record: CXX_FEATURE:0cxx_defaulted_functions
    Feature record: CXX_FEATURE:0cxx_defaulted_move_initializers
    Feature record: CXX_FEATURE:0cxx_delegating_constructors
    Feature record: CXX_FEATURE:0cxx_deleted_functions
    Feature record: CXX_FEATURE:0cxx_digit_separators
    Feature record: CXX_FEATURE:0cxx_enum_forward_declarations
    Feature record: CXX_FEATURE:0cxx_explicit_conversions
    Feature record: CXX_FEATURE:0cxx_extended_friend_declarations
    Feature record: CXX_FEATURE:0cxx_extern_templates
    Feature record: CXX_FEATURE:0cxx_final
    Feature record: CXX_FEATURE:0cxx_func_identifier
    Feature record: CXX_FEATURE:0cxx_generalized_initializers
    Feature record: CXX_FEATURE:0cxx_generic_lambdas
    Feature record: CXX_FEATURE:0cxx_inheriting_constructors
    Feature record: CXX_FEATURE:0cxx_inline_namespaces
    Feature record: CXX_FEATURE:0cxx_lambdas
    Feature record: CXX_FEATURE:0cxx_lambda_init_captures
    Feature record: CXX_FEATURE:0cxx_local_type_template_args
    Feature record: CXX_FEATURE:0cxx_long_long_type
    Feature record: CXX_FEATURE:0cxx_noexcept
    Feature record: CXX_FEATURE:0cxx_nonstatic_member_init
    Feature record: CXX_FEATURE:0cxx_nullptr
    Feature record: CXX_FEATURE:0cxx_override
    Feature record: CXX_FEATURE:0cxx_range_for
    Feature record: CXX_FEATURE:0cxx_raw_string_literals
    Feature record: CXX_FEATURE:0cxx_reference_qualified_functions
    Feature record: CXX_FEATURE:0cxx_relaxed_constexpr
    Feature record: CXX_FEATURE:0cxx_return_type_deduction
    Feature record: CXX_FEATURE:0cxx_right_angle_brackets
    Feature record: CXX_FEATURE:0cxx_rvalue_references
    Feature record: CXX_FEATURE:0cxx_sizeof_member
    Feature record: CXX_FEATURE:0cxx_static_assert
    Feature record: CXX_FEATURE:0cxx_strong_enums
    Feature record: CXX_FEATURE:1cxx_template_template_parameters
    Feature record: CXX_FEATURE:0cxx_thread_local
    Feature record: CXX_FEATURE:0cxx_trailing_return_types
    Feature record: CXX_FEATURE:0cxx_unicode_literals
    Feature record: CXX_FEATURE:0cxx_uniform_initialization
    Feature record: CXX_FEATURE:0cxx_unrestricted_unions
    Feature record: CXX_FEATURE:0cxx_user_literals
    Feature record: CXX_FEATURE:0cxx_variable_templates
    Feature record: CXX_FEATURE:0cxx_variadic_macros
    Feature record: CXX_FEATURE:0cxx_variadic_templates
Determining if the include file pthread.h exists passed with the following output:
Change Dir: /home/canoi/Documentos/gameserver/build/CMakeFiles/CMakeTmp

Run Build Command(s):/usr/bin/gmake cmTC_fa90e/fast 
/usr/bin/gmake -f CMakeFiles/cmTC_fa90e.dir/build.make CMakeFiles/cmTC_fa90e.dir/build
gmake[1]: Entering directory '/home/canoi/Documentos/gameserver/build/CMakeFiles/CMakeTmp'
Building C object CMakeFiles/cmTC_fa90e.dir/CheckIncludeFile.c.o
/usr/bin/cc    -o CMakeFiles/cmTC_fa90e.dir/CheckIncludeFile.c.o   -c /home/canoi/Documentos/gameserver/build/CMakeFiles/CMakeTmp/CheckIncludeFile.c
Linking C executable cmTC_fa90e
/usr/bin/cmake -E cmake_link_script CMakeFiles/cmTC_fa90e.dir/link.txt --verbose=1
/usr/bin/cc      -rdynamic CMakeFiles/cmTC_fa90e.dir/CheckIncludeFile.c.o  -o cmTC_fa90e 
gmake[1]: Leaving directory '/home/canoi/Documentos/gameserver/build/CMakeFiles/CMakeTmp'


Determining if the function pthread_create exists in the pthread passed with the following output:
Change Dir: /home/canoi/Documentos/gameserver/build/CMakeFiles/CMakeTmp

Run Build Command(s):/usr/bin/gmake cmTC_b151f/fast 
/usr/bin/gmake -f CMakeFiles/cmTC_b151f.dir/build.make CMakeFiles/cmTC_b151f.dir/build
gmake[1]: Entering directory '/home/canoi/Documentos/gameserver/build/CMakeFiles/CMakeTmp'
Building C object CMakeFiles/cmTC_b151f.dir/CheckFunctionExists.c.o
/usr/bin/cc   -DCHECK_FUNCTION_EXISTS=pthread_create   -o CMakeFiles/cmTC_b151f.dir/CheckFunctionExists.c.o   -c /usr/share/cmake-3.14/Modules/CheckFunctionExists.c
Linking C executable cmTC_b151f
/usr/bin/cmake -E cmake_link_script CMakeFiles/cmTC_b151f.dir/link.txt --verbose=1
/usr/bin/cc  -DCHECK_FUNCTION_EXISTS=pthread_create    -rdynamic CMakeFiles/cmTC_b151f.dir/CheckFunctionExists.c.o  -o cmTC_b151f -lpthread 
gmake[1]: Leaving directory '/home/canoi/Documentos/gameserver/build/CMakeFiles/CMakeTmp'


